<?xml version="1.0" encoding="UTF-8"?>
<testsuite xmlns:xsi="http://www.w3.org/2001/XMLSchema-instance" xsi:noNamespaceSchemaLocation="https://maven.apache.org/surefire/maven-surefire-plugin/xsd/surefire-test-report-3.0.xsd" version="3.0" name="org.example.VendaTest" time="0.136" tests="13" errors="0" skipped="0" failures="0">
  <properties>
[...]
</properties>
  <testcase name="vendaProdutoEstoqueZerado" classname="org.example.VendaTest" time="0.01"/>
  <testcase name="valorTotalVenda" classname="org.example.VendaTest" time="0.004"/>
  <testcase name="venderProdutoCompartilhado" classname="org.example.VendaTest" time="0.005"/>
  <testcase name="venderDeProdutoInexistente" classname="org.example.VendaTest" time="0.008"/>
  <testcase name="vendaProdutoQuantidadeMaiorEstoque" classname="org.example.VendaTest" time="0.008"/>
  <testcase name="diminuirEstoqueAposVenda" classname="org.example.VendaTest" time="0.006"/>
  <testcase name="vendaProdutoQuantidadeMenorEstoque" classname="org.example.VendaTest" time="0.005"/>
  <testcase name="venderProdutoNegativoQuantidade" classname="org.example.VendaTest" time="0.004"/>
  <testcase name="TotalVendaAlterarPrecoProduto" classname="org.example.VendaTest" time="0.009"/>
  <testcase name="vendaProdutoQuantidadeIgualEstoque" classname="org.example.VendaTest" time="0.011"/>
  <testcase name="venderEstoquePosVendaInvalidaPorProdutoInsuficiente" classname="org.example.VendaTest" time="0.005"/>
  <testcase name="aumentarEstoqueEReporEstoque" classname="org.example.VendaTest" time="0.006"/>
  <testcase name="aumentoEstoquePosVenda" classname="org.example.VendaTest" time="0.009"/>
</testsuite>