<?xml version="1.0" encoding="UTF-8"?>
<testsuite xmlns:xsi="http://www.w3.org/2001/XMLSchema-instance" xsi:noNamespaceSchemaLocation="https://maven.apache.org/surefire/maven-surefire-plugin/xsd/surefire-test-report-3.0.xsd" version="3.0" name="org.example.ProdutoTest" time="0.413" tests="7" errors="0" skipped="0" failures="1">
  <properties>
[...]
</properties>
  <testcase name="criacaoProdutoValorValido" classname="org.example.ProdutoTest" time="0.111"/>
  <testcase name="mudarNomeProdutoValorValido" classname="org.example.ProdutoTest" time="0.013"/>
  <testcase name="testCriacaoProdutoComEstoqueNegativo" classname="org.example.ProdutoTest" time="0.013"/>
  <testcase name="mudarValorProdutoValorValido" classname="org.example.ProdutoTest" time="0.006"/>
  <testcase name="criacaoProdutoValorNegativo" classname="org.example.ProdutoTest" time="0.027">
    <failure message="O estoque do produto não deve ser negativo ==&gt; expected: &lt;true&gt; but was: &lt;false&gt;" type="org.opentest4j.AssertionFailedError"><![CDATA[org.opentest4j.AssertionFailedError: O estoque do produto não deve ser negativo ==> expected: <true> but was: <false>
	at org.junit.jupiter.api.AssertionFailureBuilder.build(AssertionFailureBuilder.java:151)
	at org.junit.jupiter.api.AssertionFailureBuilder.buildAndThrow(AssertionFailureBuilder.java:132)
	at org.junit.jupiter.api.AssertTrue.failNotTrue(AssertTrue.java:63)
	at org.junit.jupiter.api.AssertTrue.assertTrue(AssertTrue.java:36)
	at org.junit.jupiter.api.Assertions.assertTrue(Assertions.java:214)
	at org.example.ProdutoTest.criacaoProdutoValorNegativo(ProdutoTest.java:29)
	at java.base/java.lang.reflect.Method.invoke(Method.java:580)
	at java.base/java.util.ArrayList.forEach(ArrayList.java:1597)
	at java.base/java.util.ArrayList.forEach(ArrayList.java:1597)
]]></failure>
  </testcase>
  <testcase name="mudarEstoqueProdutoValorValido" classname="org.example.ProdutoTest" time="0.008"/>
  <testcase name="mudarValorProdutoValorNegativo" classname="org.example.ProdutoTest" time="0.017"/>
</testsuite>