<?xml version="1.0" encoding="UTF-8"?>
<testsuite xmlns:xsi="http://www.w3.org/2001/XMLSchema-instance" xsi:noNamespaceSchemaLocation="https://maven.apache.org/surefire/maven-surefire-plugin/xsd/surefire-test-report-3.0.xsd" version="3.0" name="org.example.entities.PassageiroTest" time="0.355" tests="6" errors="0" skipped="0" failures="0">
  <properties>
[...]
</properties>
  <testcase name="CadastroPassageiroCpfInvalido" classname="org.example.entities.PassageiroTest" time="0.084"/>
  <testcase name="EmailValido" classname="org.example.entities.PassageiroTest" time="0.013"/>
  <testcase name="EmailInvalido" classname="org.example.entities.PassageiroTest" time="0.03"/>
  <testcase name="CpfValido" classname="org.example.entities.PassageiroTest" time="0.0"/>
  <testcase name="CpfInvalido" classname="org.example.entities.PassageiroTest" time="0.001"/>
  <testcase name="CadastroPassageiroValido" classname="org.example.entities.PassageiroTest" time="0.013"/>
</testsuite>